{"/media/josemanuel/data/ts-apps/ts-react-app/src/api/analytics1.ts": {"path":"/media/josemanuel/data/ts-apps/ts-react-app/src/api/analytics1.ts","statementMap":{"0":{"start":{"line":1,"column":0},"end":{"line":1,"column":null}},"1":{"start":{"line":2,"column":2},"end":{"line":2,"column":null}},"2":{"start":{"line":3,"column":2},"end":{"line":3,"column":null}},"3":{"start":{"line":4,"column":2},"end":{"line":4,"column":null}},"4":{"start":{"line":18,"column":2},"end":{"line":18,"column":null}},"5":{"start":{"line":14,"column":0},"end":{"line":14,"column":16}}},"fnMap":{"0":{"name":"(anonymous_0)","decl":{"start":{"line":1,"column":0},"end":{"line":1,"column":12}},"loc":{"start":{"line":1,"column":32},"end":{"line":5,"column":1}}},"1":{"name":"sendEvent","decl":{"start":{"line":14,"column":16},"end":{"line":14,"column":25}},"loc":{"start":{"line":16,"column":39},"end":{"line":19,"column":1}}}},"branchMap":{"0":{"loc":{"start":{"line":1,"column":12},"end":{"line":1,"column":32}},"type":"binary-expr","locations":[{"start":{"line":1,"column":12},"end":{"line":1,"column":32}},{"start":{"line":1,"column":12},"end":{"line":1,"column":null}}]}},"s":{"0":3,"1":3,"2":3,"3":3,"4":0,"5":3},"f":{"0":3,"1":0},"b":{"0":[3,3]}}
,"/media/josemanuel/data/ts-apps/ts-react-app/src/api/analytics2.ts": {"path":"/media/josemanuel/data/ts-apps/ts-react-app/src/api/analytics2.ts","statementMap":{"0":{"start":{"line":1,"column":0},"end":{"line":1,"column":null}},"1":{"start":{"line":2,"column":2},"end":{"line":2,"column":null}},"2":{"start":{"line":3,"column":2},"end":{"line":3,"column":null}},"3":{"start":{"line":4,"column":2},"end":{"line":4,"column":null}},"4":{"start":{"line":18,"column":2},"end":{"line":18,"column":null}},"5":{"start":{"line":14,"column":0},"end":{"line":14,"column":16}}},"fnMap":{"0":{"name":"(anonymous_0)","decl":{"start":{"line":1,"column":0},"end":{"line":1,"column":12}},"loc":{"start":{"line":1,"column":32},"end":{"line":5,"column":1}}},"1":{"name":"sendEvent","decl":{"start":{"line":14,"column":16},"end":{"line":14,"column":25}},"loc":{"start":{"line":16,"column":39},"end":{"line":19,"column":1}}}},"branchMap":{"0":{"loc":{"start":{"line":1,"column":12},"end":{"line":1,"column":32}},"type":"binary-expr","locations":[{"start":{"line":1,"column":12},"end":{"line":1,"column":32}},{"start":{"line":1,"column":12},"end":{"line":1,"column":null}}]}},"s":{"0":3,"1":3,"2":3,"3":3,"4":0,"5":3},"f":{"0":3,"1":0},"b":{"0":[3,3]}}
,"/media/josemanuel/data/ts-apps/ts-react-app/src/api/api-cards.ts": {"path":"/media/josemanuel/data/ts-apps/ts-react-app/src/api/api-cards.ts","statementMap":{"0":{"start":{"line":1,"column":0},"end":{"line":1,"column":34}},"1":{"start":{"line":4,"column":29},"end":{"line":11,"column":1}},"2":{"start":{"line":5,"column":18},"end":{"line":9,"column":4}},"3":{"start":{"line":6,"column":4},"end":{"line":8,"column":null}},"4":{"start":{"line":7,"column":6},"end":{"line":7,"column":null}},"5":{"start":{"line":10,"column":2},"end":{"line":10,"column":null}},"6":{"start":{"line":4,"column":13},"end":{"line":4,"column":29}}},"fnMap":{"0":{"name":"(anonymous_0)","decl":{"start":{"line":4,"column":29},"end":{"line":4,"column":null}},"loc":{"start":{"line":4,"column":29},"end":{"line":11,"column":1}}},"1":{"name":"(anonymous_1)","decl":{"start":{"line":5,"column":39},"end":{"line":5,"column":46}},"loc":{"start":{"line":5,"column":46},"end":{"line":9,"column":3}}},"2":{"name":"(anonymous_2)","decl":{"start":{"line":6,"column":15},"end":{"line":6,"column":null}},"loc":{"start":{"line":6,"column":15},"end":{"line":8,"column":5}}}},"branchMap":{},"s":{"0":2,"1":2,"2":0,"3":0,"4":0,"5":0,"6":2},"f":{"0":0,"1":0,"2":0},"b":{}}
,"/media/josemanuel/data/ts-apps/ts-react-app/src/api/mock-data.ts": {"path":"/media/josemanuel/data/ts-apps/ts-react-app/src/api/mock-data.ts","statementMap":{"0":{"start":{"line":3,"column":13},"end":{"line":508,"column":null}}},"fnMap":{},"branchMap":{},"s":{"0":3},"f":{},"b":{}}
,"/media/josemanuel/data/ts-apps/ts-react-app/src/components/Card/CardForm.tsx": {"path":"/media/josemanuel/data/ts-apps/ts-react-app/src/components/Card/CardForm.tsx","statementMap":{"0":{"start":{"line":1,"column":0},"end":{"line":1,"column":25}},"1":{"start":{"line":2,"column":0},"end":{"line":2,"column":43}},"2":{"start":{"line":6,"column":0},"end":{"line":6,"column":54}},"3":{"start":{"line":7,"column":0},"end":{"line":7,"column":61}},"4":{"start":{"line":8,"column":0},"end":{"line":8,"column":61}},"5":{"start":{"line":9,"column":0},"end":{"line":9,"column":66}},"6":{"start":{"line":17,"column":42},"end":{"line":84,"column":1}},"7":{"start":{"line":17,"column":49},"end":{"line":17,"column":51}},"8":{"start":{"line":18,"column":26},"end":{"line":18,"column":51}},"9":{"start":{"line":18,"column":13},"end":{"line":18,"column":15}},"10":{"start":{"line":18,"column":22},"end":{"line":18,"column":26}},"11":{"start":{"line":19,"column":24},"end":{"line":19,"column":53}},"12":{"start":{"line":19,"column":12},"end":{"line":19,"column":14}},"13":{"start":{"line":19,"column":20},"end":{"line":19,"column":24}},"14":{"start":{"line":20,"column":20},"end":{"line":20,"column":null}},"15":{"start":{"line":20,"column":59},"end":{"line":20,"column":70}},"16":{"start":{"line":21,"column":45},"end":{"line":21,"column":58}},"17":{"start":{"line":23,"column":2},"end":{"line":83,"column":null}},"18":{"start":{"line":32,"column":10},"end":{"line":32,"column":null}},"19":{"start":{"line":33,"column":10},"end":{"line":41,"column":null}},"20":{"start":{"line":56,"column":27},"end":{"line":56,"column":null}},"21":{"start":{"line":68,"column":27},"end":{"line":68,"column":null}},"22":{"start":{"line":77,"column":50},"end":{"line":77,"column":null}},"23":{"start":{"line":86,"column":0},"end":{"line":86,"column":null}}},"fnMap":{"0":{"name":"(anonymous_1)","decl":{"start":{"line":17,"column":42},"end":{"line":17,"column":43}},"loc":{"start":{"line":17,"column":51},"end":{"line":84,"column":1}}},"1":{"name":"(anonymous_2)","decl":{"start":{"line":20,"column":50},"end":{"line":20,"column":55}},"loc":{"start":{"line":20,"column":55},"end":{"line":20,"column":64}}},"2":{"name":"(anonymous_3)","decl":{"start":{"line":31,"column":18},"end":{"line":31,"column":19}},"loc":{"start":{"line":31,"column":19},"end":{"line":42,"column":9}}},"3":{"name":"(anonymous_4)","decl":{"start":{"line":56,"column":22},"end":{"line":56,"column":23}},"loc":{"start":{"line":56,"column":23},"end":{"line":56,"column":34}}},"4":{"name":"(anonymous_5)","decl":{"start":{"line":68,"column":22},"end":{"line":68,"column":23}},"loc":{"start":{"line":68,"column":23},"end":{"line":68,"column":33}}},"5":{"name":"(anonymous_6)","decl":{"start":{"line":77,"column":44},"end":{"line":77,"column":50}},"loc":{"start":{"line":77,"column":44},"end":{"line":77,"column":58}}}},"branchMap":{},"s":{"0":1,"1":1,"2":1,"3":1,"4":1,"5":1,"6":1,"7":3,"8":3,"9":3,"10":3,"11":3,"12":3,"13":3,"14":3,"15":6,"16":3,"17":3,"18":1,"19":1,"20":0,"21":0,"22":0,"23":1},"f":{"0":3,"1":6,"2":1,"3":0,"4":0,"5":0},"b":{}}
,"/media/josemanuel/data/ts-apps/ts-react-app/src/components/Card/CardRow.tsx": {"path":"/media/josemanuel/data/ts-apps/ts-react-app/src/components/Card/CardRow.tsx","statementMap":{"0":{"start":{"line":1,"column":0},"end":{"line":1,"column":25}},"1":{"start":{"line":2,"column":0},"end":{"line":2,"column":42}},"2":{"start":{"line":3,"column":0},"end":{"line":3,"column":54}},"3":{"start":{"line":7,"column":0},"end":{"line":7,"column":61}},"4":{"start":{"line":10,"column":0},"end":{"line":10,"column":66}},"5":{"start":{"line":16,"column":40},"end":{"line":70,"column":1}},"6":{"start":{"line":16,"column":47},"end":{"line":16,"column":49}},"7":{"start":{"line":17,"column":20},"end":{"line":17,"column":null}},"8":{"start":{"line":17,"column":59},"end":{"line":17,"column":70}},"9":{"start":{"line":18,"column":45},"end":{"line":18,"column":58}},"10":{"start":{"line":20,"column":2},"end":{"line":69,"column":null}},"11":{"start":{"line":36,"column":14},"end":{"line":43,"column":null}},"12":{"start":{"line":51,"column":14},"end":{"line":58,"column":null}},"13":{"start":{"line":72,"column":0},"end":{"line":72,"column":null}}},"fnMap":{"0":{"name":"(anonymous_1)","decl":{"start":{"line":16,"column":40},"end":{"line":16,"column":41}},"loc":{"start":{"line":16,"column":49},"end":{"line":70,"column":1}}},"1":{"name":"(anonymous_2)","decl":{"start":{"line":17,"column":50},"end":{"line":17,"column":55}},"loc":{"start":{"line":17,"column":55},"end":{"line":17,"column":64}}},"2":{"name":"(anonymous_3)","decl":{"start":{"line":35,"column":21},"end":{"line":35,"column":null}},"loc":{"start":{"line":35,"column":21},"end":{"line":36,"column":22}}},"3":{"name":"(anonymous_4)","decl":{"start":{"line":50,"column":21},"end":{"line":50,"column":null}},"loc":{"start":{"line":50,"column":21},"end":{"line":51,"column":22}}}},"branchMap":{},"s":{"0":1,"1":1,"2":1,"3":1,"4":1,"5":1,"6":4,"7":4,"8":8,"9":4,"10":4,"11":1,"12":1,"13":1},"f":{"0":4,"1":8,"2":1,"3":1},"b":{}}
,"/media/josemanuel/data/ts-apps/ts-react-app/src/store/redux.ts": {"path":"/media/josemanuel/data/ts-apps/ts-react-app/src/store/redux.ts","statementMap":{"0":{"start":{"line":1,"column":0},"end":{"line":1,"column":46}},"1":{"start":{"line":2,"column":0},"end":{"line":2,"column":39}},"2":{"start":{"line":4,"column":0},"end":{"line":4,"column":51}},"3":{"start":{"line":5,"column":0},"end":{"line":5,"column":53}},"4":{"start":{"line":6,"column":0},"end":{"line":6,"column":55}},"5":{"start":{"line":7,"column":0},"end":{"line":7,"column":51}},"6":{"start":{"line":17,"column":13},"end":{"line":20,"column":null}},"7":{"start":{"line":25,"column":24},"end":{"line":27,"column":null}},"8":{"start":{"line":26,"column":2},"end":{"line":26,"column":null}},"9":{"start":{"line":25,"column":13},"end":{"line":25,"column":24}}},"fnMap":{"0":{"name":"root","decl":{"start":{"line":25,"column":34},"end":{"line":25,"column":38}},"loc":{"start":{"line":25,"column":38},"end":{"line":27,"column":null}}}},"branchMap":{"0":{"loc":{"start":{"line":26,"column":2},"end":{"line":26,"column":null}},"type":"switch","locations":[{"start":{"line":26,"column":2},"end":{"line":26,"column":null}}]}},"s":{"0":2,"1":2,"2":2,"3":2,"4":2,"5":2,"6":2,"7":2,"8":0,"9":2},"f":{"0":0},"b":{"0":[0]}}
,"/media/josemanuel/data/ts-apps/ts-react-app/src/store/models/card/actions.ts": {"path":"/media/josemanuel/data/ts-apps/ts-react-app/src/store/models/card/actions.ts","statementMap":{"0":{"start":{"line":1,"column":0},"end":{"line":1,"column":48}},"1":{"start":{"line":3,"column":26},"end":{"line":3,"column":51}},"2":{"start":{"line":3,"column":50},"end":{"line":5,"column":null}},"3":{"start":{"line":3,"column":13},"end":{"line":3,"column":26}},"4":{"start":{"line":7,"column":27},"end":{"line":7,"column":52}},"5":{"start":{"line":7,"column":51},"end":{"line":9,"column":null}},"6":{"start":{"line":7,"column":13},"end":{"line":7,"column":27}},"7":{"start":{"line":11,"column":27},"end":{"line":11,"column":52}},"8":{"start":{"line":11,"column":51},"end":{"line":13,"column":null}},"9":{"start":{"line":11,"column":13},"end":{"line":11,"column":27}},"10":{"start":{"line":15,"column":26},"end":{"line":17,"column":53}},"11":{"start":{"line":17,"column":52},"end":{"line":20,"column":null}},"12":{"start":{"line":15,"column":13},"end":{"line":15,"column":26}},"13":{"start":{"line":22,"column":24},"end":{"line":29,"column":6}},"14":{"start":{"line":29,"column":5},"end":{"line":32,"column":null}},"15":{"start":{"line":22,"column":13},"end":{"line":22,"column":24}},"16":{"start":{"line":34,"column":25},"end":{"line":34,"column":50}},"17":{"start":{"line":34,"column":49},"end":{"line":36,"column":null}},"18":{"start":{"line":34,"column":13},"end":{"line":34,"column":25}},"19":{"start":{"line":38,"column":25},"end":{"line":40,"column":53}},"20":{"start":{"line":40,"column":52},"end":{"line":43,"column":null}},"21":{"start":{"line":38,"column":13},"end":{"line":38,"column":25}},"22":{"start":{"line":45,"column":24},"end":{"line":47,"column":53}},"23":{"start":{"line":47,"column":52},"end":{"line":50,"column":null}},"24":{"start":{"line":45,"column":13},"end":{"line":45,"column":24}},"25":{"start":{"line":52,"column":24},"end":{"line":54,"column":52}},"26":{"start":{"line":54,"column":51},"end":{"line":57,"column":null}},"27":{"start":{"line":52,"column":13},"end":{"line":52,"column":24}},"28":{"start":{"line":59,"column":25},"end":{"line":61,"column":53}},"29":{"start":{"line":61,"column":52},"end":{"line":64,"column":null}},"30":{"start":{"line":59,"column":13},"end":{"line":59,"column":25}},"31":{"start":{"line":66,"column":26},"end":{"line":68,"column":57}},"32":{"start":{"line":68,"column":56},"end":{"line":71,"column":null}},"33":{"start":{"line":66,"column":13},"end":{"line":66,"column":26}}},"fnMap":{"0":{"name":"(anonymous_0)","decl":{"start":{"line":3,"column":26},"end":{"line":3,"column":50}},"loc":{"start":{"line":3,"column":26},"end":{"line":3,"column":51}}},"1":{"name":"(anonymous_1)","decl":{"start":{"line":7,"column":27},"end":{"line":7,"column":51}},"loc":{"start":{"line":7,"column":27},"end":{"line":7,"column":52}}},"2":{"name":"(anonymous_2)","decl":{"start":{"line":11,"column":27},"end":{"line":11,"column":51}},"loc":{"start":{"line":11,"column":27},"end":{"line":11,"column":52}}},"3":{"name":"(anonymous_3)","decl":{"start":{"line":15,"column":26},"end":{"line":15,"column":null}},"loc":{"start":{"line":16,"column":16},"end":{"line":17,"column":53}}},"4":{"name":"(anonymous_4)","decl":{"start":{"line":22,"column":24},"end":{"line":22,"column":null}},"loc":{"start":{"line":25,"column":18},"end":{"line":29,"column":6}}},"5":{"name":"(anonymous_5)","decl":{"start":{"line":34,"column":25},"end":{"line":34,"column":49}},"loc":{"start":{"line":34,"column":25},"end":{"line":34,"column":50}}},"6":{"name":"(anonymous_6)","decl":{"start":{"line":38,"column":25},"end":{"line":38,"column":null}},"loc":{"start":{"line":39,"column":16},"end":{"line":40,"column":53}}},"7":{"name":"(anonymous_7)","decl":{"start":{"line":45,"column":24},"end":{"line":45,"column":null}},"loc":{"start":{"line":46,"column":16},"end":{"line":47,"column":53}}},"8":{"name":"(anonymous_8)","decl":{"start":{"line":52,"column":24},"end":{"line":52,"column":null}},"loc":{"start":{"line":53,"column":15},"end":{"line":54,"column":52}}},"9":{"name":"(anonymous_9)","decl":{"start":{"line":59,"column":25},"end":{"line":59,"column":null}},"loc":{"start":{"line":60,"column":16},"end":{"line":61,"column":53}}},"10":{"name":"(anonymous_10)","decl":{"start":{"line":66,"column":26},"end":{"line":66,"column":null}},"loc":{"start":{"line":67,"column":20},"end":{"line":68,"column":57}}}},"branchMap":{},"s":{"0":5,"1":5,"2":1,"3":5,"4":5,"5":1,"6":5,"7":5,"8":1,"9":5,"10":5,"11":5,"12":5,"13":5,"14":5,"15":5,"16":5,"17":1,"18":5,"19":5,"20":5,"21":5,"22":5,"23":3,"24":5,"25":5,"26":9,"27":5,"28":5,"29":1,"30":5,"31":5,"32":9,"33":5},"f":{"0":1,"1":1,"2":1,"3":5,"4":5,"5":1,"6":5,"7":3,"8":9,"9":1,"10":9},"b":{}}
,"/media/josemanuel/data/ts-apps/ts-react-app/src/store/models/card/reducer.ts": {"path":"/media/josemanuel/data/ts-apps/ts-react-app/src/store/models/card/reducer.ts","statementMap":{"0":{"start":{"line":1,"column":0},"end":{"line":1,"column":22}},"1":{"start":{"line":2,"column":0},"end":{"line":2,"column":45}},"2":{"start":{"line":4,"column":0},"end":{"line":4,"column":52}},"3":{"start":{"line":7,"column":19},"end":{"line":7,"column":72}},"4":{"start":{"line":8,"column":13},"end":{"line":8,"column":null}},"5":{"start":{"line":11,"column":13},"end":{"line":14,"column":null}},"6":{"start":{"line":17,"column":36},"end":{"line":115,"column":1}},"7":{"start":{"line":18,"column":2},"end":{"line":18,"column":null}},"8":{"start":{"line":21,"column":2},"end":{"line":114,"column":null}},"9":{"start":{"line":23,"column":6},"end":{"line":25,"column":null}},"10":{"start":{"line":29,"column":6},"end":{"line":31,"column":null}},"11":{"start":{"line":35,"column":6},"end":{"line":37,"column":null}},"12":{"start":{"line":41,"column":19},"end":{"line":41,"column":75}},"13":{"start":{"line":42,"column":21},"end":{"line":42,"column":80}},"14":{"start":{"line":42,"column":52},"end":{"line":42,"column":80}},"15":{"start":{"line":43,"column":20},"end":{"line":43,"column":50}},"16":{"start":{"line":45,"column":14},"end":{"line":45,"column":76}},"17":{"start":{"line":46,"column":6},"end":{"line":50,"column":null}},"18":{"start":{"line":47,"column":8},"end":{"line":49,"column":null}},"19":{"start":{"line":48,"column":17},"end":{"line":48,"column":null}},"20":{"start":{"line":52,"column":6},"end":{"line":52,"column":null}},"21":{"start":{"line":56,"column":21},"end":{"line":59,"column":null}},"22":{"start":{"line":61,"column":19},"end":{"line":63,"column":null}},"23":{"start":{"line":64,"column":6},"end":{"line":67,"column":null}},"24":{"start":{"line":71,"column":6},"end":{"line":73,"column":null}},"25":{"start":{"line":78,"column":6},"end":{"line":80,"column":null}},"26":{"start":{"line":84,"column":6},"end":{"line":86,"column":null}},"27":{"start":{"line":90,"column":22},"end":{"line":97,"column":30}},"28":{"start":{"line":93,"column":12},"end":{"line":95,"column":null}},"29":{"start":{"line":97,"column":21},"end":{"line":97,"column":30}},"30":{"start":{"line":98,"column":6},"end":{"line":102,"column":null}},"31":{"start":{"line":107,"column":6},"end":{"line":109,"column":null}},"32":{"start":{"line":113,"column":6},"end":{"line":113,"column":null}},"33":{"start":{"line":117,"column":20},"end":{"line":117,"column":31}}},"fnMap":{"0":{"name":"(anonymous_3)","decl":{"start":{"line":17,"column":36},"end":{"line":17,"column":null}},"loc":{"start":{"line":19,"column":19},"end":{"line":115,"column":1}}},"1":{"name":"(anonymous_4)","decl":{"start":{"line":42,"column":47},"end":{"line":42,"column":48}},"loc":{"start":{"line":42,"column":48},"end":{"line":42,"column":53}}},"2":{"name":"(anonymous_5)","decl":{"start":{"line":48,"column":10},"end":{"line":48,"column":13}},"loc":{"start":{"line":48,"column":13},"end":{"line":48,"column":20}}},"3":{"name":"(anonymous_6)","decl":{"start":{"line":92,"column":10},"end":{"line":92,"column":14}},"loc":{"start":{"line":92,"column":14},"end":{"line":93,"column":16}}},"4":{"name":"(anonymous_7)","decl":{"start":{"line":97,"column":13},"end":{"line":97,"column":17}},"loc":{"start":{"line":97,"column":17},"end":{"line":97,"column":25}}}},"branchMap":{"0":{"loc":{"start":{"line":18,"column":2},"end":{"line":18,"column":null}},"type":"if","locations":[{"start":{"line":18,"column":2},"end":{"line":18,"column":null}},{"start":{"line":18,"column":2},"end":{"line":18,"column":null}}]},"1":{"loc":{"start":{"line":22,"column":4},"end":{"line":25,"column":null}},"type":"switch","locations":[{"start":{"line":22,"column":4},"end":{"line":25,"column":null}},{"start":{"line":28,"column":4},"end":{"line":31,"column":null}},{"start":{"line":34,"column":4},"end":{"line":37,"column":null}},{"start":{"line":40,"column":4},"end":{"line":53,"column":null}},{"start":{"line":55,"column":4},"end":{"line":68,"column":null}},{"start":{"line":70,"column":4},"end":{"line":75,"column":null}},{"start":{"line":77,"column":4},"end":{"line":80,"column":null}},{"start":{"line":83,"column":4},"end":{"line":86,"column":null}},{"start":{"line":89,"column":4},"end":{"line":102,"column":null}},{"start":{"line":106,"column":4},"end":{"line":109,"column":null}},{"start":{"line":112,"column":4},"end":{"line":113,"column":null}}]},"2":{"loc":{"start":{"line":46,"column":6},"end":{"line":50,"column":null}},"type":"if","locations":[{"start":{"line":46,"column":6},"end":{"line":50,"column":null}},{"start":{"line":46,"column":6},"end":{"line":50,"column":null}}]}},"s":{"0":3,"1":3,"2":3,"3":3,"4":3,"5":3,"6":3,"7":37,"8":25,"9":1,"10":1,"11":1,"12":1,"13":1,"14":9,"15":1,"16":1,"17":1,"18":0,"19":0,"20":1,"21":1,"22":1,"23":1,"24":1,"25":4,"26":1,"27":1,"28":2,"29":0,"30":1,"31":1,"32":12,"33":3},"f":{"0":25,"1":9,"2":0,"3":2,"4":0},"b":{"0":[12,13],"1":[1,1,1,1,1,1,4,1,1,1,12],"2":[0,1]}}
,"/media/josemanuel/data/ts-apps/ts-react-app/src/store/models/card/sagas.ts": {"path":"/media/josemanuel/data/ts-apps/ts-react-app/src/store/models/card/sagas.ts","statementMap":{"0":{"start":{"line":1,"column":0},"end":{"line":1,"column":57}},"1":{"start":{"line":2,"column":0},"end":{"line":2,"column":48}},"2":{"start":{"line":3,"column":0},"end":{"line":3,"column":54}},"3":{"start":{"line":4,"column":0},"end":{"line":4,"column":58}},"4":{"start":{"line":5,"column":0},"end":{"line":5,"column":47}},"5":{"start":{"line":10,"column":2},"end":{"line":10,"column":null}},"6":{"start":{"line":9,"column":0},"end":{"line":9,"column":17}},"7":{"start":{"line":17,"column":4},"end":{"line":17,"column":null}},"8":{"start":{"line":18,"column":26},"end":{"line":18,"column":null}},"9":{"start":{"line":18,"column":10},"end":{"line":18,"column":null}},"10":{"start":{"line":19,"column":4},"end":{"line":19,"column":null}},"11":{"start":{"line":20,"column":4},"end":{"line":20,"column":null}},"12":{"start":{"line":20,"column":52},"end":{"line":20,"column":76}},"13":{"start":{"line":22,"column":4},"end":{"line":22,"column":null}},"14":{"start":{"line":24,"column":4},"end":{"line":24,"column":null}},"15":{"start":{"line":15,"column":0},"end":{"line":15,"column":17}}},"fnMap":{"0":{"name":"watchFetchCards","decl":{"start":{"line":9,"column":17},"end":{"line":9,"column":32}},"loc":{"start":{"line":9,"column":32},"end":{"line":11,"column":null}}},"1":{"name":"fetchCards","decl":{"start":{"line":15,"column":17},"end":{"line":15,"column":27}},"loc":{"start":{"line":15,"column":27},"end":{"line":26,"column":null}}},"2":{"name":"(anonymous_10)","decl":{"start":{"line":20,"column":40},"end":{"line":20,"column":41}},"loc":{"start":{"line":20,"column":47},"end":{"line":20,"column":53}}}},"branchMap":{"0":{"loc":{"start":{"line":10,"column":2},"end":{"line":10,"column":null}},"type":"switch","locations":[{"start":{"line":10,"column":2},"end":{"line":10,"column":null}}]},"1":{"loc":{"start":{"line":24,"column":4},"end":{"line":24,"column":null}},"type":"switch","locations":[{"start":{"line":24,"column":4},"end":{"line":24,"column":null}}]}},"s":{"0":3,"1":3,"2":3,"3":3,"4":3,"5":0,"6":3,"7":4,"8":2,"9":2,"10":2,"11":2,"12":72,"13":2,"14":2,"15":3},"f":{"0":0,"1":2,"2":72},"b":{"0":[0],"1":[2]}}
,"/media/josemanuel/data/ts-apps/ts-react-app/src/store/models/card/types.ts": {"path":"/media/josemanuel/data/ts-apps/ts-react-app/src/store/models/card/types.ts","statementMap":{"0":{"start":{"line":12,"column":0},"end":{"line":12,"column":null}},"1":{"start":{"line":13,"column":2},"end":{"line":13,"column":null}},"2":{"start":{"line":14,"column":2},"end":{"line":14,"column":null}},"3":{"start":{"line":15,"column":2},"end":{"line":15,"column":null}},"4":{"start":{"line":16,"column":2},"end":{"line":16,"column":null}},"5":{"start":{"line":17,"column":2},"end":{"line":17,"column":null}},"6":{"start":{"line":18,"column":2},"end":{"line":18,"column":null}},"7":{"start":{"line":19,"column":2},"end":{"line":19,"column":null}},"8":{"start":{"line":20,"column":2},"end":{"line":20,"column":null}},"9":{"start":{"line":21,"column":2},"end":{"line":21,"column":null}},"10":{"start":{"line":22,"column":2},"end":{"line":22,"column":null}},"11":{"start":{"line":23,"column":2},"end":{"line":23,"column":null}}},"fnMap":{"0":{"name":"(anonymous_0)","decl":{"start":{"line":12,"column":0},"end":{"line":12,"column":12}},"loc":{"start":{"line":12,"column":27},"end":{"line":24,"column":1}}}},"branchMap":{"0":{"loc":{"start":{"line":12,"column":12},"end":{"line":12,"column":27}},"type":"binary-expr","locations":[{"start":{"line":12,"column":12},"end":{"line":12,"column":27}},{"start":{"line":12,"column":12},"end":{"line":12,"column":null}}]}},"s":{"0":6,"1":6,"2":6,"3":6,"4":6,"5":6,"6":6,"7":6,"8":6,"9":6,"10":6,"11":6},"f":{"0":6},"b":{"0":[6,6]}}
,"/media/josemanuel/data/ts-apps/ts-react-app/src/store/models/events/actions.ts": {"path":"/media/josemanuel/data/ts-apps/ts-react-app/src/store/models/events/actions.ts","statementMap":{"0":{"start":{"line":3,"column":25},"end":{"line":6,"column":75}},"1":{"start":{"line":6,"column":74},"end":{"line":9,"column":null}},"2":{"start":{"line":3,"column":13},"end":{"line":3,"column":25}}},"fnMap":{"0":{"name":"(anonymous_0)","decl":{"start":{"line":3,"column":25},"end":{"line":3,"column":null}},"loc":{"start":{"line":5,"column":14},"end":{"line":6,"column":75}}}},"branchMap":{},"s":{"0":3,"1":7,"2":3},"f":{"0":7},"b":{}}
,"/media/josemanuel/data/ts-apps/ts-react-app/src/store/models/events/sagas.ts": {"path":"/media/josemanuel/data/ts-apps/ts-react-app/src/store/models/events/sagas.ts","statementMap":{"0":{"start":{"line":1,"column":0},"end":{"line":1,"column":62}},"1":{"start":{"line":2,"column":0},"end":{"line":2,"column":75}},"2":{"start":{"line":3,"column":0},"end":{"line":3,"column":52}},"3":{"start":{"line":4,"column":0},"end":{"line":4,"column":67}},"4":{"start":{"line":6,"column":0},"end":{"line":6,"column":null}},"5":{"start":{"line":10,"column":0},"end":{"line":10,"column":null}},"6":{"start":{"line":17,"column":2},"end":{"line":17,"column":null}},"7":{"start":{"line":16,"column":0},"end":{"line":16,"column":17}},"8":{"start":{"line":22,"column":10},"end":{"line":22,"column":null}},"9":{"start":{"line":23,"column":9},"end":{"line":23,"column":25}},"10":{"start":{"line":26,"column":9},"end":{"line":26,"column":25}},"11":{"start":{"line":29,"column":9},"end":{"line":29,"column":25}},"12":{"start":{"line":24,"column":6},"end":{"line":24,"column":null}},"13":{"start":{"line":25,"column":6},"end":{"line":25,"column":11}},"14":{"start":{"line":27,"column":6},"end":{"line":27,"column":null}},"15":{"start":{"line":28,"column":6},"end":{"line":28,"column":11}},"16":{"start":{"line":30,"column":6},"end":{"line":30,"column":null}},"17":{"start":{"line":31,"column":6},"end":{"line":31,"column":11}},"18":{"start":{"line":38,"column":4},"end":{"line":38,"column":null}},"19":{"start":{"line":39,"column":4},"end":{"line":39,"column":null}},"20":{"start":{"line":40,"column":4},"end":{"line":43,"column":null}},"21":{"start":{"line":45,"column":4},"end":{"line":45,"column":null}},"22":{"start":{"line":36,"column":0},"end":{"line":36,"column":17}},"23":{"start":{"line":52,"column":8},"end":{"line":52,"column":12}},"24":{"start":{"line":53,"column":6},"end":{"line":53,"column":null}},"25":{"start":{"line":54,"column":6},"end":{"line":57,"column":null}},"26":{"start":{"line":60,"column":4},"end":{"line":60,"column":null}},"27":{"start":{"line":50,"column":0},"end":{"line":50,"column":17}},"28":{"start":{"line":67,"column":4},"end":{"line":67,"column":null}},"29":{"start":{"line":68,"column":4},"end":{"line":71,"column":null}},"30":{"start":{"line":73,"column":4},"end":{"line":73,"column":null}},"31":{"start":{"line":65,"column":0},"end":{"line":65,"column":17}}},"fnMap":{"0":{"name":"watchCallEvents","decl":{"start":{"line":16,"column":17},"end":{"line":16,"column":32}},"loc":{"start":{"line":16,"column":32},"end":{"line":18,"column":null}}},"1":{"name":"callEvent","decl":{"start":{"line":21,"column":10},"end":{"line":21,"column":19}},"loc":{"start":{"line":21,"column":43},"end":{"line":33,"column":null}}},"2":{"name":"deleteACard","decl":{"start":{"line":36,"column":17},"end":{"line":36,"column":28}},"loc":{"start":{"line":36,"column":41},"end":{"line":47,"column":null}}},"3":{"name":"editACard","decl":{"start":{"line":50,"column":17},"end":{"line":50,"column":26}},"loc":{"start":{"line":50,"column":39},"end":{"line":62,"column":null}}},"4":{"name":"viewACard","decl":{"start":{"line":65,"column":17},"end":{"line":65,"column":26}},"loc":{"start":{"line":65,"column":39},"end":{"line":75,"column":null}}}},"branchMap":{"0":{"loc":{"start":{"line":17,"column":2},"end":{"line":17,"column":null}},"type":"switch","locations":[{"start":{"line":17,"column":2},"end":{"line":17,"column":null}}]},"1":{"loc":{"start":{"line":24,"column":6},"end":{"line":24,"column":null}},"type":"switch","locations":[{"start":{"line":24,"column":6},"end":{"line":24,"column":null}},{"start":{"line":27,"column":6},"end":{"line":27,"column":null}},{"start":{"line":30,"column":6},"end":{"line":30,"column":null}}]},"2":{"loc":{"start":{"line":23,"column":9},"end":{"line":23,"column":25}},"type":"switch","locations":[{"start":{"line":23,"column":9},"end":{"line":23,"column":25}},{"start":{"line":26,"column":9},"end":{"line":26,"column":25}},{"start":{"line":29,"column":9},"end":{"line":29,"column":25}}]},"3":{"loc":{"start":{"line":52,"column":8},"end":{"line":52,"column":12}},"type":"if","locations":[{"start":{"line":52,"column":8},"end":{"line":52,"column":12}},{"start":{"line":52,"column":8},"end":{"line":52,"column":12}}]}},"s":{"0":3,"1":3,"2":3,"3":3,"4":3,"5":3,"6":0,"7":3,"8":0,"9":0,"10":0,"11":0,"12":0,"13":0,"14":0,"15":0,"16":0,"17":0,"18":4,"19":4,"20":3,"21":1,"22":3,"23":2,"24":4,"25":3,"26":1,"27":3,"28":4,"29":3,"30":1,"31":3},"f":{"0":0,"1":0,"2":2,"3":2,"4":2},"b":{"0":[0],"1":[0,0,0],"2":[0,0,0],"3":[0,2]}}
,"/media/josemanuel/data/ts-apps/ts-react-app/src/store/models/events/types.ts": {"path":"/media/josemanuel/data/ts-apps/ts-react-app/src/store/models/events/types.ts","statementMap":{"0":{"start":{"line":16,"column":0},"end":{"line":16,"column":null}},"1":{"start":{"line":17,"column":2},"end":{"line":17,"column":null}},"2":{"start":{"line":18,"column":2},"end":{"line":18,"column":null}},"3":{"start":{"line":19,"column":2},"end":{"line":19,"column":null}}},"fnMap":{"0":{"name":"(anonymous_0)","decl":{"start":{"line":16,"column":0},"end":{"line":16,"column":12}},"loc":{"start":{"line":16,"column":28},"end":{"line":20,"column":1}}}},"branchMap":{"0":{"loc":{"start":{"line":16,"column":12},"end":{"line":16,"column":28}},"type":"binary-expr","locations":[{"start":{"line":16,"column":12},"end":{"line":16,"column":28}},{"start":{"line":16,"column":12},"end":{"line":16,"column":null}}]}},"s":{"0":4,"1":4,"2":4,"3":4},"f":{"0":4},"b":{"0":[4,4]}}
,"/media/josemanuel/data/ts-apps/ts-react-app/src/store/models/user/actions.ts": {"path":"/media/josemanuel/data/ts-apps/ts-react-app/src/store/models/user/actions.ts","statementMap":{"0":{"start":{"line":1,"column":0},"end":{"line":1,"column":41}},"1":{"start":{"line":3,"column":29},"end":{"line":5,"column":57}},"2":{"start":{"line":5,"column":56},"end":{"line":8,"column":null}},"3":{"start":{"line":3,"column":13},"end":{"line":3,"column":29}},"4":{"start":{"line":10,"column":23},"end":{"line":12,"column":53}},"5":{"start":{"line":12,"column":52},"end":{"line":15,"column":null}},"6":{"start":{"line":10,"column":13},"end":{"line":10,"column":23}},"7":{"start":{"line":17,"column":34},"end":{"line":19,"column":57}},"8":{"start":{"line":19,"column":56},"end":{"line":22,"column":null}},"9":{"start":{"line":17,"column":13},"end":{"line":17,"column":34}}},"fnMap":{"0":{"name":"(anonymous_0)","decl":{"start":{"line":3,"column":29},"end":{"line":3,"column":null}},"loc":{"start":{"line":4,"column":20},"end":{"line":5,"column":57}}},"1":{"name":"(anonymous_1)","decl":{"start":{"line":10,"column":23},"end":{"line":10,"column":null}},"loc":{"start":{"line":11,"column":16},"end":{"line":12,"column":53}}},"2":{"name":"(anonymous_2)","decl":{"start":{"line":17,"column":34},"end":{"line":17,"column":null}},"loc":{"start":{"line":18,"column":20},"end":{"line":19,"column":57}}}},"branchMap":{},"s":{"0":5,"1":5,"2":3,"3":5,"4":5,"5":1,"6":5,"7":5,"8":5,"9":5},"f":{"0":3,"1":1,"2":5},"b":{}}
,"/media/josemanuel/data/ts-apps/ts-react-app/src/store/models/user/reducer.ts": {"path":"/media/josemanuel/data/ts-apps/ts-react-app/src/store/models/user/reducer.ts","statementMap":{"0":{"start":{"line":2,"column":0},"end":{"line":2,"column":52}},"1":{"start":{"line":5,"column":13},"end":{"line":8,"column":null}},"2":{"start":{"line":11,"column":36},"end":{"line":46,"column":1}},"3":{"start":{"line":12,"column":2},"end":{"line":12,"column":null}},"4":{"start":{"line":15,"column":2},"end":{"line":45,"column":null}},"5":{"start":{"line":17,"column":6},"end":{"line":21,"column":null}},"6":{"start":{"line":26,"column":6},"end":{"line":30,"column":null}},"7":{"start":{"line":35,"column":6},"end":{"line":39,"column":null}},"8":{"start":{"line":44,"column":6},"end":{"line":44,"column":null}},"9":{"start":{"line":48,"column":20},"end":{"line":48,"column":31}}},"fnMap":{"0":{"name":"(anonymous_2)","decl":{"start":{"line":11,"column":36},"end":{"line":11,"column":null}},"loc":{"start":{"line":13,"column":19},"end":{"line":46,"column":1}}}},"branchMap":{"0":{"loc":{"start":{"line":12,"column":2},"end":{"line":12,"column":null}},"type":"if","locations":[{"start":{"line":12,"column":2},"end":{"line":12,"column":null}},{"start":{"line":12,"column":2},"end":{"line":12,"column":null}}]},"1":{"loc":{"start":{"line":16,"column":4},"end":{"line":21,"column":null}},"type":"switch","locations":[{"start":{"line":16,"column":4},"end":{"line":21,"column":null}},{"start":{"line":25,"column":4},"end":{"line":30,"column":null}},{"start":{"line":34,"column":4},"end":{"line":39,"column":null}},{"start":{"line":43,"column":4},"end":{"line":44,"column":null}}]}},"s":{"0":3,"1":3,"2":3,"3":27,"4":15,"5":1,"6":1,"7":1,"8":12,"9":3},"f":{"0":15},"b":{"0":[12,3],"1":[1,1,1,12]}}
,"/media/josemanuel/data/ts-apps/ts-react-app/src/store/models/user/types.ts": {"path":"/media/josemanuel/data/ts-apps/ts-react-app/src/store/models/user/types.ts","statementMap":{"0":{"start":{"line":7,"column":0},"end":{"line":7,"column":null}},"1":{"start":{"line":8,"column":2},"end":{"line":8,"column":null}},"2":{"start":{"line":9,"column":2},"end":{"line":9,"column":null}},"3":{"start":{"line":10,"column":2},"end":{"line":10,"column":null}}},"fnMap":{"0":{"name":"(anonymous_0)","decl":{"start":{"line":7,"column":0},"end":{"line":7,"column":12}},"loc":{"start":{"line":7,"column":27},"end":{"line":11,"column":1}}}},"branchMap":{"0":{"loc":{"start":{"line":7,"column":12},"end":{"line":7,"column":27}},"type":"binary-expr","locations":[{"start":{"line":7,"column":12},"end":{"line":7,"column":27}},{"start":{"line":7,"column":12},"end":{"line":7,"column":null}}]}},"s":{"0":6,"1":6,"2":6,"3":6},"f":{"0":6},"b":{"0":[6,6]}}
}
