TN:
SF:src/api/analytics1.ts
FN:1,(anonymous_0)
FN:14,sendEvent
FNF:2
FNH:1
FNDA:3,(anonymous_0)
FNDA:0,sendEvent
DA:1,3
DA:2,3
DA:3,3
DA:4,3
DA:14,3
DA:18,0
LF:6
LH:5
BRDA:1,0,0,3
BRDA:1,0,1,3
BRF:2
BRH:2
end_of_record
TN:
SF:src/api/analytics2.ts
FN:1,(anonymous_0)
FN:14,sendEvent
FNF:2
FNH:1
FNDA:3,(anonymous_0)
FNDA:0,sendEvent
DA:1,3
DA:2,3
DA:3,3
DA:4,3
DA:14,3
DA:18,0
LF:6
LH:5
BRDA:1,0,0,3
BRDA:1,0,1,3
BRF:2
BRH:2
end_of_record
TN:
SF:src/api/api-cards.ts
FN:4,(anonymous_0)
FN:5,(anonymous_1)
FN:6,(anonymous_2)
FNF:3
FNH:0
FNDA:0,(anonymous_0)
FNDA:0,(anonymous_1)
FNDA:0,(anonymous_2)
DA:1,2
DA:4,2
DA:5,0
DA:6,0
DA:7,0
DA:10,0
LF:6
LH:2
BRF:0
BRH:0
end_of_record
TN:
SF:src/api/mock-data.ts
FNF:0
FNH:0
DA:3,3
LF:1
LH:1
BRF:0
BRH:0
end_of_record
TN:
SF:src/components/Card/CardForm.tsx
FN:17,(anonymous_1)
FN:20,(anonymous_2)
FN:31,(anonymous_3)
FN:56,(anonymous_4)
FN:68,(anonymous_5)
FN:77,(anonymous_6)
FNF:6
FNH:3
FNDA:3,(anonymous_1)
FNDA:6,(anonymous_2)
FNDA:1,(anonymous_3)
FNDA:0,(anonymous_4)
FNDA:0,(anonymous_5)
FNDA:0,(anonymous_6)
DA:1,1
DA:2,1
DA:6,1
DA:7,1
DA:8,1
DA:9,1
DA:17,3
DA:18,3
DA:19,3
DA:20,6
DA:21,3
DA:23,3
DA:32,1
DA:33,1
DA:56,0
DA:68,0
DA:77,0
DA:86,1
LF:18
LH:15
BRF:0
BRH:0
end_of_record
TN:
SF:src/components/Card/CardRow.tsx
FN:16,(anonymous_1)
FN:17,(anonymous_2)
FN:35,(anonymous_3)
FN:50,(anonymous_4)
FNF:4
FNH:4
FNDA:4,(anonymous_1)
FNDA:8,(anonymous_2)
FNDA:1,(anonymous_3)
FNDA:1,(anonymous_4)
DA:1,1
DA:2,1
DA:3,1
DA:7,1
DA:10,1
DA:16,4
DA:17,8
DA:18,4
DA:20,4
DA:36,1
DA:51,1
DA:72,1
LF:12
LH:12
BRF:0
BRH:0
end_of_record
TN:
SF:src/store/redux.ts
FN:25,root
FNF:1
FNH:0
FNDA:0,root
DA:1,2
DA:2,2
DA:4,2
DA:5,2
DA:6,2
DA:7,2
DA:17,2
DA:25,2
DA:26,0
LF:9
LH:8
BRDA:26,0,0,0
BRF:1
BRH:0
end_of_record
TN:
SF:src/store/models/card/actions.ts
FN:3,(anonymous_0)
FN:7,(anonymous_1)
FN:11,(anonymous_2)
FN:15,(anonymous_3)
FN:22,(anonymous_4)
FN:34,(anonymous_5)
FN:38,(anonymous_6)
FN:45,(anonymous_7)
FN:52,(anonymous_8)
FN:59,(anonymous_9)
FN:66,(anonymous_10)
FNF:11
FNH:11
FNDA:1,(anonymous_0)
FNDA:1,(anonymous_1)
FNDA:1,(anonymous_2)
FNDA:5,(anonymous_3)
FNDA:5,(anonymous_4)
FNDA:1,(anonymous_5)
FNDA:5,(anonymous_6)
FNDA:3,(anonymous_7)
FNDA:9,(anonymous_8)
FNDA:1,(anonymous_9)
FNDA:9,(anonymous_10)
DA:1,5
DA:3,5
DA:7,5
DA:11,5
DA:15,5
DA:17,5
DA:22,5
DA:29,5
DA:34,5
DA:38,5
DA:40,5
DA:45,5
DA:47,3
DA:52,5
DA:54,9
DA:59,5
DA:61,1
DA:66,5
DA:68,9
LF:19
LH:19
BRF:0
BRH:0
end_of_record
TN:
SF:src/store/models/card/reducer.ts
FN:17,(anonymous_3)
FN:42,(anonymous_4)
FN:48,(anonymous_5)
FN:92,(anonymous_6)
FN:97,(anonymous_7)
FNF:5
FNH:3
FNDA:25,(anonymous_3)
FNDA:9,(anonymous_4)
FNDA:0,(anonymous_5)
FNDA:2,(anonymous_6)
FNDA:0,(anonymous_7)
DA:1,3
DA:2,3
DA:4,3
DA:7,3
DA:8,3
DA:11,3
DA:17,3
DA:18,37
DA:21,25
DA:23,1
DA:29,1
DA:35,1
DA:41,1
DA:42,9
DA:43,1
DA:45,1
DA:46,1
DA:47,0
DA:48,0
DA:52,1
DA:56,1
DA:61,1
DA:64,1
DA:71,1
DA:78,4
DA:84,1
DA:90,1
DA:93,2
DA:97,0
DA:98,1
DA:107,1
DA:113,12
DA:117,3
LF:33
LH:30
BRDA:18,0,0,12
BRDA:18,0,1,13
BRDA:22,1,0,1
BRDA:22,1,1,1
BRDA:22,1,2,1
BRDA:22,1,3,1
BRDA:22,1,4,1
BRDA:22,1,5,1
BRDA:22,1,6,4
BRDA:22,1,7,1
BRDA:22,1,8,1
BRDA:22,1,9,1
BRDA:22,1,10,12
BRDA:46,2,0,0
BRDA:46,2,1,1
BRF:15
BRH:14
end_of_record
TN:
SF:src/store/models/card/sagas.ts
FN:9,watchFetchCards
FN:15,fetchCards
FN:20,(anonymous_10)
FNF:3
FNH:2
FNDA:0,watchFetchCards
FNDA:2,fetchCards
FNDA:72,(anonymous_10)
DA:1,3
DA:2,3
DA:3,3
DA:4,3
DA:5,3
DA:9,3
DA:10,0
DA:15,3
DA:17,4
DA:18,2
DA:19,2
DA:20,72
DA:22,2
DA:24,2
LF:14
LH:13
BRDA:10,0,0,0
BRDA:24,1,0,2
BRF:2
BRH:1
end_of_record
TN:
SF:src/store/models/card/types.ts
FN:12,(anonymous_0)
FNF:1
FNH:1
FNDA:6,(anonymous_0)
DA:12,6
DA:13,6
DA:14,6
DA:15,6
DA:16,6
DA:17,6
DA:18,6
DA:19,6
DA:20,6
DA:21,6
DA:22,6
DA:23,6
LF:12
LH:12
BRDA:12,0,0,6
BRDA:12,0,1,6
BRF:2
BRH:2
end_of_record
TN:
SF:src/store/models/events/actions.ts
FN:3,(anonymous_0)
FNF:1
FNH:1
FNDA:7,(anonymous_0)
DA:3,3
DA:6,7
LF:2
LH:2
BRF:0
BRH:0
end_of_record
TN:
SF:src/store/models/events/sagas.ts
FN:16,watchCallEvents
FN:21,callEvent
FN:36,deleteACard
FN:50,editACard
FN:65,viewACard
FNF:5
FNH:3
FNDA:0,watchCallEvents
FNDA:0,callEvent
FNDA:2,deleteACard
FNDA:2,editACard
FNDA:2,viewACard
DA:1,3
DA:2,3
DA:3,3
DA:4,3
DA:6,3
DA:10,3
DA:16,3
DA:17,0
DA:22,0
DA:23,0
DA:24,0
DA:25,0
DA:26,0
DA:27,0
DA:28,0
DA:29,0
DA:30,0
DA:31,0
DA:36,3
DA:38,4
DA:39,4
DA:40,3
DA:45,1
DA:50,3
DA:52,2
DA:53,4
DA:54,3
DA:60,1
DA:65,3
DA:67,4
DA:68,3
DA:73,1
LF:32
LH:21
BRDA:17,0,0,0
BRDA:24,1,0,0
BRDA:24,1,1,0
BRDA:24,1,2,0
BRDA:23,2,0,0
BRDA:23,2,1,0
BRDA:23,2,2,0
BRDA:52,3,0,0
BRDA:52,3,1,2
BRF:9
BRH:1
end_of_record
TN:
SF:src/store/models/events/types.ts
FN:16,(anonymous_0)
FNF:1
FNH:1
FNDA:4,(anonymous_0)
DA:16,4
DA:17,4
DA:18,4
DA:19,4
LF:4
LH:4
BRDA:16,0,0,4
BRDA:16,0,1,4
BRF:2
BRH:2
end_of_record
TN:
SF:src/store/models/user/actions.ts
FN:3,(anonymous_0)
FN:10,(anonymous_1)
FN:17,(anonymous_2)
FNF:3
FNH:3
FNDA:3,(anonymous_0)
FNDA:1,(anonymous_1)
FNDA:5,(anonymous_2)
DA:1,5
DA:3,5
DA:5,3
DA:10,5
DA:12,1
DA:17,5
DA:19,5
LF:7
LH:7
BRF:0
BRH:0
end_of_record
TN:
SF:src/store/models/user/reducer.ts
FN:11,(anonymous_2)
FNF:1
FNH:1
FNDA:15,(anonymous_2)
DA:2,3
DA:5,3
DA:11,3
DA:12,27
DA:15,15
DA:17,1
DA:26,1
DA:35,1
DA:44,12
DA:48,3
LF:10
LH:10
BRDA:12,0,0,12
BRDA:12,0,1,3
BRDA:16,1,0,1
BRDA:16,1,1,1
BRDA:16,1,2,1
BRDA:16,1,3,12
BRF:6
BRH:6
end_of_record
TN:
SF:src/store/models/user/types.ts
FN:7,(anonymous_0)
FNF:1
FNH:1
FNDA:6,(anonymous_0)
DA:7,6
DA:8,6
DA:9,6
DA:10,6
LF:4
LH:4
BRDA:7,0,0,6
BRDA:7,0,1,6
BRF:2
BRH:2
end_of_record
